2025-12-19T01:40:40.896610+00:00 Mock DUT registered GATT service and started advertising.
2025-12-19T01:42:53.776921+00:00 Shutting down mock peripheral...
2025-12-19T01:42:53.783283+00:00 Cleanup complete.
2025-12-19T01:43:24.085527+00:00 Mock DUT registered GATT service and started advertising.
2025-12-19T01:43:51.175965+00:00 Shutting down mock peripheral...
2025-12-19T01:43:51.182300+00:00 Cleanup complete.
2025-12-19T01:43:53.045289+00:00 Mock DUT registered GATT service and started advertising.
2025-12-19T01:43:59.367804+00:00 Shutting down mock peripheral...
2025-12-19T01:43:59.373763+00:00 Cleanup complete.
2025-12-19T01:45:08.309995+00:00 Mock DUT registered GATT service and started advertising.
2025-12-19T01:45:18.247525+00:00 Shutting down mock peripheral...
2025-12-19T01:45:18.253908+00:00 Cleanup complete.
2025-12-19T01:46:52.168808+00:00 Mock DUT registered GATT service and started advertising.
2025-12-19T01:50:00.675417+00:00 Shutting down mock peripheral...
2025-12-19T01:50:00.681483+00:00 Cleanup complete.
2025-12-19T02:14:17.189541+00:00 Mock DUT registered GATT service and started advertising.
2025-12-19T02:15:23.960485+00:00 Shutting down mock peripheral...
2025-12-19T02:15:23.966681+00:00 Cleanup complete.
2025-12-19T02:15:25.680063+00:00 Mock DUT registered GATT service and started advertising.
2025-12-19T02:16:15.419710+00:00 Shutting down mock peripheral...
2025-12-19T02:16:15.426426+00:00 Cleanup complete.
2025-12-19T02:20:15.507190+00:00 Mock DUT registered GATT service and started advertising.
2025-12-19T02:22:43.577890+00:00 Shutting down mock peripheral...
2025-12-19T02:22:43.585078+00:00 Cleanup complete.
2025-12-19T02:22:56.311469+00:00 Mock DUT registered GATT service and started advertising.
2025-12-19T02:26:17.979454+00:00 Shutting down mock peripheral...
2025-12-19T02:26:17.985893+00:00 Cleanup complete.
2025-12-19T02:27:38.618487+00:00 Mock DUT registered GATT service and started advertising.
2025-12-19T02:32:18.158066+00:00 Shutting down mock peripheral...
2025-12-19T02:32:18.164317+00:00 Cleanup complete.
2025-12-19T02:32:22.012145+00:00 Mock DUT registered GATT service and started advertising.
2025-12-19T02:35:57.225498+00:00 Shutting down mock peripheral...
2025-12-19T02:35:57.232207+00:00 Cleanup complete.
2025-12-19 03:41:13,907 INFO GATT application registered
2025-12-19 03:41:13,913 INFO Advertisement registered
2025-12-19 03:54:47,337 INFO Ctrl-C received, stopping advertisement...
2025-12-19 03:54:47,449 INFO Cleanup complete
